2018-06-19 18:00:58,515 - root - INFO - ********TEST START********
2018-06-19 18:00:59,065 - root - INFO - 正在执行保存催记模块的测试
2018-06-19 18:00:59,074 - root - INFO - 正在执行保存催记模块的测试
2018-06-19 18:00:59,081 - root - INFO - 正在执行保存催记模块的测试
2018-06-19 18:00:59,140 - root - INFO - --------cs-20180601-004-01 END--------
2018-06-19 18:00:59,472 - root - INFO - 正在执行获取指定催记列表模块的测试
2018-06-19 18:00:59,484 - root - INFO - 正在执行获取指定催记列表模块的测试
2018-06-19 18:00:59,493 - root - INFO - 正在执行获取指定催记列表模块的测试
2018-06-19 18:01:13,184 - root - INFO - --------cs-20180601-005-01 END--------
2018-06-19 18:01:14,793 - root - INFO - 正在执行保存催记模块的测试
2018-06-19 18:01:14,811 - root - INFO - 正在执行保存催记模块的测试
2018-06-19 18:01:14,830 - root - INFO - 正在执行保存催记模块的测试
2018-06-19 18:01:14,899 - root - INFO - --------cs-20180601-004-01 END--------
2018-06-19 18:01:15,236 - root - INFO - 正在执行获取指定催记列表模块的测试
2018-06-19 18:01:15,255 - root - INFO - 正在执行获取指定催记列表模块的测试
2018-06-19 18:01:15,273 - root - INFO - 正在执行获取指定催记列表模块的测试
2018-06-19 18:01:15,586 - root - INFO - --------cs-20180601-005-01 END--------
2018-06-19 18:01:16,175 - root - ERROR - 'ProductInfo_0' object has no attribute 'case_name'
2018-06-19 18:01:16,197 - root - INFO - *********TEST END*********
2018-06-19 18:01:16,334 - root - INFO - Doesn't send report email to developer.
