2018-06-19 17:53:35,053 - root - INFO - ********TEST START********
2018-06-19 17:53:35,607 - root - INFO - 正在执行保存催记模块的测试
2018-06-19 17:53:35,610 - root - INFO - 正在执行保存催记模块的测试
2018-06-19 17:53:35,614 - root - INFO - 正在执行保存催记模块的测试
2018-06-19 17:53:35,670 - root - INFO - --------cs-20180601-004-01 END--------
2018-06-19 17:53:36,024 - root - INFO - 正在执行获取指定催记列表模块的测试
2018-06-19 17:53:36,030 - root - INFO - 正在执行获取指定催记列表模块的测试
2018-06-19 17:53:36,035 - root - INFO - 正在执行获取指定催记列表模块的测试
2018-06-19 17:53:36,158 - root - INFO - --------cs-20180601-005-01 END--------
2018-06-19 17:53:36,469 - root - INFO - 正在执行保存催记模块的测试
2018-06-19 17:53:36,474 - root - INFO - 正在执行保存催记模块的测试
2018-06-19 17:53:36,477 - root - INFO - 正在执行保存催记模块的测试
2018-06-19 17:53:36,520 - root - INFO - --------cs-20180601-004-01 END--------
2018-06-19 17:53:36,827 - root - INFO - 正在执行获取指定催记列表模块的测试
2018-06-19 17:53:36,829 - root - INFO - 正在执行获取指定催记列表模块的测试
2018-06-19 17:53:36,832 - root - INFO - 正在执行获取指定催记列表模块的测试
2018-06-19 17:53:36,957 - root - INFO - --------cs-20180601-005-01 END--------
2018-06-19 17:53:36,957 - root - ERROR - 'ProductInfo_0' object has no attribute 'case_name'
2018-06-19 17:53:36,957 - root - INFO - *********TEST END*********
2018-06-19 17:53:36,957 - root - INFO - Doesn't send report email to developer.
