2018-06-15 17:19:04,132 - root - INFO - ********TEST START********
2018-06-15 17:19:04,635 - root - INFO - 正在执行保存催记模块的测试
2018-06-15 17:19:04,643 - root - INFO - 正在执行保存催记模块的测试
2018-06-15 17:19:04,652 - root - INFO - 正在执行保存催记模块的测试
2018-06-15 17:19:04,717 - root - INFO - --------cs-20180601-004-01 END--------
2018-06-15 17:19:05,062 - root - INFO - 正在执行获取指定催记列表模块的测试
2018-06-15 17:19:05,070 - root - INFO - 正在执行获取指定催记列表模块的测试
2018-06-15 17:19:05,079 - root - INFO - 正在执行获取指定催记列表模块的测试
2018-06-15 17:19:05,196 - root - INFO - --------cs-20180601-005-01 END--------
2018-06-15 17:19:05,503 - root - INFO - 正在执行保存催记模块的测试
2018-06-15 17:19:05,511 - root - INFO - 正在执行保存催记模块的测试
2018-06-15 17:19:05,521 - root - INFO - 正在执行保存催记模块的测试
2018-06-15 17:19:05,597 - root - INFO - --------cs-20180601-004-01 END--------
2018-06-15 17:19:05,882 - root - INFO - 正在执行获取指定催记列表模块的测试
2018-06-15 17:19:05,889 - root - INFO - 正在执行获取指定催记列表模块的测试
2018-06-15 17:19:05,897 - root - INFO - 正在执行获取指定催记列表模块的测试
2018-06-15 17:19:06,001 - root - INFO - --------cs-20180601-005-01 END--------
2018-06-15 17:19:06,002 - root - ERROR - 'ProductInfo_0' object has no attribute 'case_name'
2018-06-15 17:19:06,002 - root - INFO - *********TEST END*********
2018-06-15 17:19:06,003 - root - INFO - Doesn't send report email to developer.
