2018-06-19 18:00:47,789 - root - INFO - ********TEST START********
2018-06-19 18:00:48,240 - root - INFO - 正在执行保存催记模块的测试
2018-06-19 18:00:48,245 - root - INFO - 正在执行保存催记模块的测试
2018-06-19 18:00:48,249 - root - INFO - 正在执行保存催记模块的测试
2018-06-19 18:00:48,304 - root - INFO - --------cs-20180601-004-01 END--------
2018-06-19 18:00:48,599 - root - INFO - 正在执行获取指定催记列表模块的测试
2018-06-19 18:00:48,602 - root - INFO - 正在执行获取指定催记列表模块的测试
2018-06-19 18:00:48,605 - root - INFO - 正在执行获取指定催记列表模块的测试
2018-06-19 18:00:48,885 - root - INFO - --------cs-20180601-005-01 END--------
2018-06-19 18:00:49,194 - root - INFO - 正在执行保存催记模块的测试
2018-06-19 18:00:49,197 - root - INFO - 正在执行保存催记模块的测试
2018-06-19 18:00:49,200 - root - INFO - 正在执行保存催记模块的测试
2018-06-19 18:00:49,243 - root - INFO - --------cs-20180601-004-01 END--------
2018-06-19 18:00:49,553 - root - INFO - 正在执行获取指定催记列表模块的测试
2018-06-19 18:00:49,556 - root - INFO - 正在执行获取指定催记列表模块的测试
2018-06-19 18:00:49,558 - root - INFO - 正在执行获取指定催记列表模块的测试
2018-06-19 18:00:49,867 - root - INFO - --------cs-20180601-005-01 END--------
2018-06-19 18:00:49,869 - root - ERROR - 'ProductInfo_0' object has no attribute 'case_name'
2018-06-19 18:00:49,869 - root - INFO - *********TEST END*********
2018-06-19 18:00:49,869 - root - INFO - Doesn't send report email to developer.
